{"/home/pablo/Documents/lab/dl-methods-eng-backend/__test__/fixtures/knowledge-resource.js": {"path":"/home/pablo/Documents/lab/dl-methods-eng-backend/__test__/fixtures/knowledge-resource.js","statementMap":{"0":{"start":{"line":1,"column":14},"end":{"line":1,"column":30}},"1":{"start":{"line":3,"column":0},"end":{"line":9,"column":1}},"2":{"start":{"line":4,"column":30},"end":{"line":7,"column":5}},"3":{"start":{"line":8,"column":4},"end":{"line":8,"column":33}}},"fnMap":{"0":{"name":"makeFakeKnowledgeResource","decl":{"start":{"line":3,"column":26},"end":{"line":3,"column":51}},"loc":{"start":{"line":3,"column":54},"end":{"line":9,"column":1}},"line":3}},"branchMap":{},"s":{"0":3,"1":3,"2":7,"3":7},"f":{"0":7},"b":{},"_coverageSchema":"1a1c01bbd47fc00a2c39e90264f33305004495a9","hash":"517d7cec036848630784e6b8b2ab250006df78d5"}
,"/home/pablo/Documents/lab/dl-methods-eng-backend/src/controllers/knowledge-resource/index.js": {"path":"/home/pablo/Documents/lab/dl-methods-eng-backend/src/controllers/knowledge-resource/index.js","statementMap":{"0":{"start":{"line":1,"column":37},"end":{"line":1,"column":83}},"1":{"start":{"line":2,"column":34},"end":{"line":2,"column":70}},"2":{"start":{"line":5,"column":30},"end":{"line":5,"column":85}},"3":{"start":{"line":7,"column":0},"end":{"line":9,"column":1}}},"fnMap":{},"branchMap":{},"s":{"0":1,"1":1,"2":1,"3":1},"f":{},"b":{},"_coverageSchema":"1a1c01bbd47fc00a2c39e90264f33305004495a9","hash":"5e9c348224761a35c6a6390ef45ec43d590dd312"}
,"/home/pablo/Documents/lab/dl-methods-eng-backend/src/controllers/knowledge-resource/post-knowledge-resource.js": {"path":"/home/pablo/Documents/lab/dl-methods-eng-backend/src/controllers/knowledge-resource/post-knowledge-resource.js","statementMap":{"0":{"start":{"line":1,"column":0},"end":{"line":15,"column":1}},"1":{"start":{"line":2,"column":4},"end":{"line":14,"column":5}},"2":{"start":{"line":3,"column":8},"end":{"line":13,"column":9}},"3":{"start":{"line":4,"column":27},"end":{"line":4,"column":38}},"4":{"start":{"line":5,"column":51},"end":{"line":5,"column":89}},"5":{"start":{"line":7,"column":12},"end":{"line":10,"column":14}},"6":{"start":{"line":12,"column":12},"end":{"line":12,"column":40}}},"fnMap":{"0":{"name":"(anonymous_0)","decl":{"start":{"line":1,"column":17},"end":{"line":1,"column":18}},"loc":{"start":{"line":1,"column":51},"end":{"line":15,"column":1}},"line":1},"1":{"name":"(anonymous_1)","decl":{"start":{"line":2,"column":11},"end":{"line":2,"column":12}},"loc":{"start":{"line":2,"column":34},"end":{"line":14,"column":5}},"line":2}},"branchMap":{},"s":{"0":1,"1":1,"2":2,"3":2,"4":2,"5":1,"6":1},"f":{"0":1,"1":2},"b":{},"_coverageSchema":"1a1c01bbd47fc00a2c39e90264f33305004495a9","hash":"f9ee1840522f482d4cd92b24406d145ba8d17796"}
,"/home/pablo/Documents/lab/dl-methods-eng-backend/src/data-access/db/db.js": {"path":"/home/pablo/Documents/lab/dl-methods-eng-backend/src/data-access/db/db.js","statementMap":{"0":{"start":{"line":1,"column":0},"end":{"line":41,"column":1}},"1":{"start":{"line":2,"column":4},"end":{"line":40,"column":5}},"2":{"start":{"line":4,"column":27},"end":{"line":4,"column":34}},"3":{"start":{"line":7,"column":12},"end":{"line":12,"column":13}},"4":{"start":{"line":8,"column":16},"end":{"line":8,"column":35}},"5":{"start":{"line":11,"column":16},"end":{"line":11,"column":44}},"6":{"start":{"line":17,"column":12},"end":{"line":23,"column":13}},"7":{"start":{"line":18,"column":36},"end":{"line":18,"column":67}},"8":{"start":{"line":20,"column":16},"end":{"line":20,"column":44}},"9":{"start":{"line":22,"column":16},"end":{"line":22,"column":44}},"10":{"start":{"line":27,"column":12},"end":{"line":27,"column":28}},"11":{"start":{"line":31,"column":12},"end":{"line":31,"column":58}},"12":{"start":{"line":34,"column":8},"end":{"line":39,"column":10}}},"fnMap":{"0":{"name":"(anonymous_0)","decl":{"start":{"line":1,"column":17},"end":{"line":1,"column":18}},"loc":{"start":{"line":1,"column":33},"end":{"line":41,"column":1}},"line":1},"1":{"name":"(anonymous_1)","decl":{"start":{"line":2,"column":11},"end":{"line":2,"column":12}},"loc":{"start":{"line":2,"column":17},"end":{"line":40,"column":5}},"line":2},"2":{"name":"DB","decl":{"start":{"line":6,"column":17},"end":{"line":6,"column":19}},"loc":{"start":{"line":6,"column":25},"end":{"line":13,"column":9}},"line":6},"3":{"name":"isConnect","decl":{"start":{"line":16,"column":23},"end":{"line":16,"column":32}},"loc":{"start":{"line":16,"column":34},"end":{"line":24,"column":9}},"line":16},"4":{"name":"Model","decl":{"start":{"line":26,"column":17},"end":{"line":26,"column":22}},"loc":{"start":{"line":26,"column":25},"end":{"line":28,"column":9}},"line":26},"5":{"name":"define","decl":{"start":{"line":30,"column":17},"end":{"line":30,"column":23}},"loc":{"start":{"line":30,"column":52},"end":{"line":32,"column":9}},"line":30}},"branchMap":{"0":{"loc":{"start":{"line":30,"column":37},"end":{"line":30,"column":51}},"type":"default-arg","locations":[{"start":{"line":30,"column":47},"end":{"line":30,"column":51}}],"line":30}},"s":{"0":5,"1":5,"2":5,"3":5,"4":5,"5":0,"6":1,"7":1,"8":1,"9":0,"10":0,"11":5,"12":5},"f":{"0":5,"1":5,"2":5,"3":1,"4":0,"5":5},"b":{"0":[0]},"_coverageSchema":"1a1c01bbd47fc00a2c39e90264f33305004495a9","hash":"ad03e22db6791b83b04033bfb329945b17e65b5f"}
,"/home/pablo/Documents/lab/dl-methods-eng-backend/src/data-access/db/index.js": {"path":"/home/pablo/Documents/lab/dl-methods-eng-backend/src/data-access/db/index.js","statementMap":{"0":{"start":{"line":1,"column":19},"end":{"line":1,"column":39}},"1":{"start":{"line":2,"column":11},"end":{"line":2,"column":26}},"2":{"start":{"line":4,"column":0},"end":{"line":6,"column":1}},"3":{"start":{"line":5,"column":4},"end":{"line":5,"column":30}},"4":{"start":{"line":8,"column":21},"end":{"line":8,"column":66}},"5":{"start":{"line":10,"column":0},"end":{"line":10,"column":31}}},"fnMap":{},"branchMap":{"0":{"loc":{"start":{"line":4,"column":0},"end":{"line":6,"column":1}},"type":"if","locations":[{"start":{"line":4,"column":0},"end":{"line":6,"column":1}},{"start":{"line":4,"column":0},"end":{"line":6,"column":1}}],"line":4}},"s":{"0":4,"1":4,"2":4,"3":4,"4":4,"5":4},"f":{},"b":{"0":[4,0]},"_coverageSchema":"1a1c01bbd47fc00a2c39e90264f33305004495a9","hash":"2f0d9f7192f07161f0e27a0763de60b4c834e424"}
,"/home/pablo/Documents/lab/dl-methods-eng-backend/src/data-access/knowledge-resource/index.js": {"path":"/home/pablo/Documents/lab/dl-methods-eng-backend/src/data-access/knowledge-resource/index.js","statementMap":{"0":{"start":{"line":1,"column":22},"end":{"line":1,"column":39}},"1":{"start":{"line":2,"column":44},"end":{"line":2,"column":65}},"2":{"start":{"line":3,"column":37},"end":{"line":3,"column":57}},"3":{"start":{"line":5,"column":26},"end":{"line":5,"column":76}},"4":{"start":{"line":6,"column":16},"end":{"line":6,"column":63}},"5":{"start":{"line":8,"column":0},"end":{"line":11,"column":2}}},"fnMap":{},"branchMap":{},"s":{"0":2,"1":2,"2":2,"3":2,"4":2,"5":2},"f":{},"b":{},"_coverageSchema":"1a1c01bbd47fc00a2c39e90264f33305004495a9","hash":"73cc9ed3ef170c532d32a409227f580bed7ec151"}
,"/home/pablo/Documents/lab/dl-methods-eng-backend/src/data-access/knowledge-resource/model.js": {"path":"/home/pablo/Documents/lab/dl-methods-eng-backend/src/data-access/knowledge-resource/model.js","statementMap":{"0":{"start":{"line":1,"column":0},"end":{"line":14,"column":1}},"1":{"start":{"line":2,"column":18},"end":{"line":2,"column":21}},"2":{"start":{"line":3,"column":30},"end":{"line":11,"column":7}},"3":{"start":{"line":13,"column":4},"end":{"line":13,"column":28}}},"fnMap":{"0":{"name":"(anonymous_0)","decl":{"start":{"line":1,"column":17},"end":{"line":1,"column":18}},"loc":{"start":{"line":1,"column":36},"end":{"line":14,"column":1}},"line":1}},"branchMap":{},"s":{"0":4,"1":5,"2":5,"3":5},"f":{"0":5},"b":{},"_coverageSchema":"1a1c01bbd47fc00a2c39e90264f33305004495a9","hash":"5f1f2de7b986d63d0d32ca45c04728d9c90cdcde"}
,"/home/pablo/Documents/lab/dl-methods-eng-backend/src/data-access/knowledge-resource/service.js": {"path":"/home/pablo/Documents/lab/dl-methods-eng-backend/src/data-access/knowledge-resource/service.js","statementMap":{"0":{"start":{"line":1,"column":0},"end":{"line":14,"column":1}},"1":{"start":{"line":3,"column":8},"end":{"line":8,"column":9}},"2":{"start":{"line":4,"column":25},"end":{"line":4,"column":62}},"3":{"start":{"line":5,"column":12},"end":{"line":5,"column":40}},"4":{"start":{"line":7,"column":12},"end":{"line":7,"column":40}},"5":{"start":{"line":11,"column":4},"end":{"line":13,"column":6}}},"fnMap":{"0":{"name":"(anonymous_0)","decl":{"start":{"line":1,"column":17},"end":{"line":1,"column":18}},"loc":{"start":{"line":1,"column":40},"end":{"line":14,"column":1}},"line":1},"1":{"name":"createOne","decl":{"start":{"line":2,"column":19},"end":{"line":2,"column":28}},"loc":{"start":{"line":2,"column":35},"end":{"line":9,"column":5}},"line":2}},"branchMap":{},"s":{"0":3,"1":3,"2":3,"3":3,"4":0,"5":3},"f":{"0":3,"1":3},"b":{},"_coverageSchema":"1a1c01bbd47fc00a2c39e90264f33305004495a9","hash":"e61b26a03de4b622a39d2f9af0b088425878a30b"}
,"/home/pablo/Documents/lab/dl-methods-eng-backend/src/entities/knowledge-resources/index.js": {"path":"/home/pablo/Documents/lab/dl-methods-eng-backend/src/entities/knowledge-resources/index.js","statementMap":{"0":{"start":{"line":1,"column":35},"end":{"line":1,"column":66}},"1":{"start":{"line":3,"column":30},"end":{"line":3,"column":58}},"2":{"start":{"line":5,"column":0},"end":{"line":5,"column":38}}},"fnMap":{},"branchMap":{},"s":{"0":3,"1":3,"2":3},"f":{},"b":{},"_coverageSchema":"1a1c01bbd47fc00a2c39e90264f33305004495a9","hash":"97681c3d64334f17cb7b06ab74afba78b7a5628b"}
,"/home/pablo/Documents/lab/dl-methods-eng-backend/src/entities/knowledge-resources/knowledge-resource.js": {"path":"/home/pablo/Documents/lab/dl-methods-eng-backend/src/entities/knowledge-resources/knowledge-resource.js","statementMap":{"0":{"start":{"line":1,"column":0},"end":{"line":15,"column":1}},"1":{"start":{"line":2,"column":4},"end":{"line":14,"column":5}},"2":{"start":{"line":3,"column":8},"end":{"line":5,"column":9}},"3":{"start":{"line":4,"column":12},"end":{"line":4,"column":84}},"4":{"start":{"line":7,"column":8},"end":{"line":9,"column":9}},"5":{"start":{"line":8,"column":12},"end":{"line":8,"column":91}},"6":{"start":{"line":11,"column":8},"end":{"line":13,"column":9}}},"fnMap":{"0":{"name":"(anonymous_0)","decl":{"start":{"line":1,"column":17},"end":{"line":1,"column":18}},"loc":{"start":{"line":1,"column":23},"end":{"line":15,"column":1}},"line":1},"1":{"name":"(anonymous_1)","decl":{"start":{"line":2,"column":11},"end":{"line":2,"column":12}},"loc":{"start":{"line":2,"column":32},"end":{"line":14,"column":5}},"line":2}},"branchMap":{"0":{"loc":{"start":{"line":3,"column":8},"end":{"line":5,"column":9}},"type":"if","locations":[{"start":{"line":3,"column":8},"end":{"line":5,"column":9}},{"start":{"line":3,"column":8},"end":{"line":5,"column":9}}],"line":3},"1":{"loc":{"start":{"line":7,"column":8},"end":{"line":9,"column":9}},"type":"if","locations":[{"start":{"line":7,"column":8},"end":{"line":9,"column":9}},{"start":{"line":7,"column":8},"end":{"line":9,"column":9}}],"line":7}},"s":{"0":3,"1":3,"2":8,"3":3,"4":5,"5":2,"6":3},"f":{"0":3,"1":8},"b":{"0":[3,5],"1":[2,3]},"_coverageSchema":"1a1c01bbd47fc00a2c39e90264f33305004495a9","hash":"1380aabfa7bf2015bed6c6b9fb889af72dde91ad"}
,"/home/pablo/Documents/lab/dl-methods-eng-backend/src/use-cases/knowledge-resource/create-one-knowledge-resource.js": {"path":"/home/pablo/Documents/lab/dl-methods-eng-backend/src/use-cases/knowledge-resource/create-one-knowledge-resource.js","statementMap":{"0":{"start":{"line":1,"column":30},"end":{"line":1,"column":75}},"1":{"start":{"line":3,"column":0},"end":{"line":14,"column":1}},"2":{"start":{"line":4,"column":4},"end":{"line":13,"column":5}},"3":{"start":{"line":5,"column":8},"end":{"line":12,"column":9}},"4":{"start":{"line":6,"column":25},"end":{"line":6,"column":61}},"5":{"start":{"line":8,"column":12},"end":{"line":8,"column":42}},"6":{"start":{"line":11,"column":12},"end":{"line":11,"column":40}}},"fnMap":{"0":{"name":"(anonymous_0)","decl":{"start":{"line":3,"column":17},"end":{"line":3,"column":18}},"loc":{"start":{"line":3,"column":32},"end":{"line":14,"column":1}},"line":3},"1":{"name":"createOneKnowledgeResource","decl":{"start":{"line":4,"column":26},"end":{"line":4,"column":52}},"loc":{"start":{"line":4,"column":62},"end":{"line":13,"column":5}},"line":4}},"branchMap":{},"s":{"0":2,"1":2,"2":2,"3":5,"4":5,"5":2,"6":3},"f":{"0":2,"1":5},"b":{},"_coverageSchema":"1a1c01bbd47fc00a2c39e90264f33305004495a9","hash":"8e7cbcf03ea0eba1300bba8dec68936adcde8619"}
,"/home/pablo/Documents/lab/dl-methods-eng-backend/src/use-cases/knowledge-resource/index.js": {"path":"/home/pablo/Documents/lab/dl-methods-eng-backend/src/use-cases/knowledge-resource/index.js","statementMap":{"0":{"start":{"line":1,"column":18},"end":{"line":1,"column":65}},"1":{"start":{"line":2,"column":39},"end":{"line":2,"column":81}},"2":{"start":{"line":3,"column":35},"end":{"line":3,"column":76}},"3":{"start":{"line":5,"column":0},"end":{"line":7,"column":1}}},"fnMap":{},"branchMap":{},"s":{"0":2,"1":2,"2":2,"3":2},"f":{},"b":{},"_coverageSchema":"1a1c01bbd47fc00a2c39e90264f33305004495a9","hash":"dacecc66de9ee7b89627f489858bbfdefe05b967"}
}
