TN:
SF:__test__/fixtures/knowledge-resource.js
FN:3,makeFakeKnowledgeResource
FNF:1
FNH:1
FNDA:7,makeFakeKnowledgeResource
DA:1,3
DA:3,3
DA:4,7
DA:8,7
LF:4
LH:4
BRF:0
BRH:0
end_of_record
TN:
SF:src/controllers/knowledge-resource/index.js
FNF:0
FNH:0
DA:1,1
DA:2,1
DA:5,1
DA:7,1
LF:4
LH:4
BRF:0
BRH:0
end_of_record
TN:
SF:src/controllers/knowledge-resource/post-knowledge-resource.js
FN:1,(anonymous_0)
FN:2,(anonymous_1)
FNF:2
FNH:2
FNDA:1,(anonymous_0)
FNDA:2,(anonymous_1)
DA:1,1
DA:2,1
DA:3,2
DA:4,2
DA:5,2
DA:7,1
DA:12,1
LF:7
LH:7
BRF:0
BRH:0
end_of_record
TN:
SF:src/data-access/db/db.js
FN:1,(anonymous_0)
FN:2,(anonymous_1)
FN:6,DB
FN:16,isConnect
FN:26,Model
FN:30,define
FNF:6
FNH:5
FNDA:5,(anonymous_0)
FNDA:5,(anonymous_1)
FNDA:5,DB
FNDA:1,isConnect
FNDA:0,Model
FNDA:5,define
DA:1,5
DA:2,5
DA:4,5
DA:7,5
DA:8,5
DA:11,0
DA:17,1
DA:18,1
DA:20,1
DA:22,0
DA:27,0
DA:31,5
DA:34,5
LF:13
LH:10
BRDA:30,0,0,0
BRF:1
BRH:0
end_of_record
TN:
SF:src/data-access/db/index.js
FNF:0
FNH:0
DA:1,4
DA:2,4
DA:4,4
DA:5,4
DA:8,4
DA:10,4
LF:6
LH:6
BRDA:4,0,0,4
BRDA:4,0,1,0
BRF:2
BRH:1
end_of_record
TN:
SF:src/data-access/knowledge-resource/index.js
FNF:0
FNH:0
DA:1,2
DA:2,2
DA:3,2
DA:5,2
DA:6,2
DA:8,2
LF:6
LH:6
BRF:0
BRH:0
end_of_record
TN:
SF:src/data-access/knowledge-resource/model.js
FN:1,(anonymous_0)
FNF:1
FNH:1
FNDA:5,(anonymous_0)
DA:1,4
DA:2,5
DA:3,5
DA:13,5
LF:4
LH:4
BRF:0
BRH:0
end_of_record
TN:
SF:src/data-access/knowledge-resource/service.js
FN:1,(anonymous_0)
FN:2,createOne
FNF:2
FNH:2
FNDA:3,(anonymous_0)
FNDA:3,createOne
DA:1,3
DA:3,3
DA:4,3
DA:5,3
DA:7,0
DA:11,3
LF:6
LH:5
BRF:0
BRH:0
end_of_record
TN:
SF:src/entities/knowledge-resources/index.js
FNF:0
FNH:0
DA:1,3
DA:3,3
DA:5,3
LF:3
LH:3
BRF:0
BRH:0
end_of_record
TN:
SF:src/entities/knowledge-resources/knowledge-resource.js
FN:1,(anonymous_0)
FN:2,(anonymous_1)
FNF:2
FNH:2
FNDA:3,(anonymous_0)
FNDA:8,(anonymous_1)
DA:1,3
DA:2,3
DA:3,8
DA:4,3
DA:7,5
DA:8,2
DA:11,3
LF:7
LH:7
BRDA:3,0,0,3
BRDA:3,0,1,5
BRDA:7,1,0,2
BRDA:7,1,1,3
BRF:4
BRH:4
end_of_record
TN:
SF:src/use-cases/knowledge-resource/create-one-knowledge-resource.js
FN:3,(anonymous_0)
FN:4,createOneKnowledgeResource
FNF:2
FNH:2
FNDA:2,(anonymous_0)
FNDA:5,createOneKnowledgeResource
DA:1,2
DA:3,2
DA:4,2
DA:5,5
DA:6,5
DA:8,2
DA:11,3
LF:7
LH:7
BRF:0
BRH:0
end_of_record
TN:
SF:src/use-cases/knowledge-resource/index.js
FNF:0
FNH:0
DA:1,2
DA:2,2
DA:3,2
DA:5,2
LF:4
LH:4
BRF:0
BRH:0
end_of_record
